(1,"Fo2")
(1,"Han2")
(1,"Hu4")
(1,"Liu2")
(1,"Luo4")
(1,"Peng2")
(1,"Qin2")
(1,"Sa4")
(1,"Song4")
(1,"Wu2")
(1,"Zheng4")
(1,"ben3")
(1,"bie2")
(1,"cang2")
(1,"chai2")
(1,"chan3")
(1,"cong2")
(1,"cu4")
(1,"die1")
(1,"diu1")
(1,"en1")
(1,"fou3")
(1,"gei3")
(1,"geng4")
(1,"gua4")
(1,"guai4")
(1,"ha1")
(1,"hang2")
(1,"hei1")
(1,"huang2")
(1,"ka3")
(1,"ken3")
(1,"kua4")
(1,"kui1")
(1,"kun4")
(1,"leng3")
(1,"lia3")
(1,"lou2")
(1,"luan4")
(1,"lve4")
(1,"mang2")
(1,"me5")
(1,"mie4")
(1,"min2")
(1,"ne5")
(1,"nei4")
(1,"neng2")
(1,"niao3")
(1,"nin2")
(1,"ning2")
(1,"niu2")
(1,"nuan3")
(1,"nv3")
(1,"o2")
(1,"ou1")
(1,"pang2")
(1,"peng4")
(1,"piao4")
(1,"pu3")
(1,"qia4")
(1,"qiong2")
(1,"qun2")
(1,"rang4")
(1,"re4")
(1,"ri4")
(1,"rou4")
(1,"ruan3")
(1,"run4")
(1,"se4")
(1,"sen1")
(1,"shei2")
(1,"shuai1")
(1,"shuang1")
(1,"shun4")
(1,"shuo1")
(1,"sou1")
(1,"te4")
(1,"teng2")
(1,"tuan2")
(1,"wai4")
(1,"xiong2")
(1,"za2")
(1,"zang1")
(1,"zen3")
(1,"zhua1")
(1,"zhui1")
(1,"zhun3")
(2,"a1")
(2,"ao4")
(2,"bang1")
(2,"biao3")
(2,"cao3")
(2,"ceng2")
(2,"chun2")
(2,"cun1")
(2,"cuo4")
(2,"diao4")
(2,"dou1")
(2,"duo1")
(2,"gen1")
(2,"guang3")
(2,"heng2")
(2,"huai4")
(2,"juan3")
(2,"kai1")
(2,"kang4")
(2,"kao4")
(2,"kou3")
(2,"kuai4")
(2,"kuan3")
(2,"la1")
(2,"lang3")
(2,"le5")
(2,"liao4")
(2,"long2")
(2,"men5")
(2,"nai3")
(2,"nao3")
(2,"niang2")
(2,"nong2")
(2,"nu3")
(2,"nuo4")
(2,"pan4")
(2,"qie3")
(2,"ran2")
(2,"rao4")
(2,"reng2")
(2,"ru2")
(2,"rui4")
(2,"ruo4")
(2,"sai4")
(2,"san1")
(2,"sang1")
(2,"shua3")
(2,"suan4")
(2,"sun3")
(2,"tie3")
(2,"xuan3")
(2,"zan4")
(2,"zeng1")
(2,"zha1")
(2,"zhuo1")
(2,"zou3")
(2,"zun1")
(3,"bin1")
(3,"bing4")
(3,"can1")
(3,"chao1")
(3,"che1")
(3,"chong1")
(3,"chou2")
(3,"dang3")
(3,"deng3")
(3,"dui4")
(3,"dun1")
(3,"guo2")
(3,"hen3")
(3,"hong2")
(3,"ku4")
(3,"kuo4")
(3,"lai2")
(3,"lao3")
(3,"lin2")
(3,"liu4")
(3,"luo2")
(3,"mi3")
(3,"mian4")
(3,"miao3")
(3,"ming2")
(3,"mou3")
(3,"ni3")
(3,"nian2")
(3,"pa4")
(3,"pao3")
(3,"pei4")
(3,"pi1")
(3,"ping2")
(3,"qin1")
(3,"qiu2")
(3,"que4")
(3,"rong2")
(3,"sha1")
(3,"shan1")
(3,"shui4")
(3,"song4")
(3,"tao4")
(3,"tiao2")
(3,"tui1")
(3,"wa3")
(3,"wo3")
(3,"xue2")
(3,"yun4")
(3,"zao3")
(4,"ce4")
(4,"chen2")
(4,"chuang4")
(4,"da4")
(4,"de5")
(4,"dian3")
(4,"duan4")
(4,"e2")
(4,"fen1")
(4,"gai1")
(4,"gou4")
(4,"gui1")
(4,"hai2")
(4,"hao3")
(4,"hou4")
(4,"hun1")
(4,"jue2")
(4,"jun1")
(4,"kan4")
(4,"kong4")
(4,"kuang4")
(4,"lie4")
(4,"lun4")
(4,"mai3")
(4,"man4")
(4,"meng4")
(4,"na4")
(4,"nan2")
(4,"pai4")
(4,"pian1")
(4,"pin3")
(4,"po4")
(4,"qiang2")
(4,"quan2")
(4,"shao3")
(4,"sui4")
(4,"suo3")
(4,"ti2")
(4,"tian1")
(4,"tou2")
(4,"xia4")
(4,"xiu1")
(4,"yao4")
(4,"yong4")
(4,"zai4")
(4,"ze2")
(4,"zhan4")
(4,"zhe4")
(4,"zhuan3")
(4,"zui4")
(5,"an4")
(5,"bai3")
(5,"cha2")
(5,"chi2")
(5,"chuan2")
(5,"ding4")
(5,"er2")
(5,"fa3")
(5,"fei1")
(5,"gang3")
(5,"gao1")
(5,"huan2")
(5,"lan2")
(5,"lei4")
(5,"lv4")
(5,"mao2")
(5,"ren2")
(5,"shang4")
(5,"ta1")
(5,"tai4")
(5,"tan2")
(5,"tang2")
(5,"tu2")
(5,"tuo1")
(5,"wan4")
(5,"wen2")
(5,"xin1")
(5,"zhai4")
(5,"zhao3")
(5,"zong3")
(5,"zu3")
(5,"zuo4")
(6,"ai4")
(6,"ba3")
(6,"bian4")
(6,"ci3")
(6,"fang1")
(6,"gan3")
(6,"jiang1")
(6,"ling4")
(6,"lu4")
(6,"ma5")
(6,"qiao2")
(6,"qu4")
(6,"she4")
(6,"ting1")
(6,"tong2")
(6,"wang3")
(6,"ya4")
(6,"yue4")
(6,"zhen1")
(6,"zhong1")
(6,"zhou1")
(6,"zhuang1")
(7,"bo2")
(7,"cai2")
(7,"chang2")
(7,"dai4")
(7,"dong4")
(7,"du4")
(7,"feng1")
(7,"han2")
(7,"hua4")
(7,"huo4")
(7,"jiao4")
(7,"jiu4")
(7,"ke3")
(7,"lian2")
(7,"liang3")
(7,"qing1")
(7,"shou1")
(7,"su4")
(7,"xie1")
(7,"xun4")
(7,"zi4")
(8,"ban3")
(8,"bu4")
(8,"cheng2")
(8,"dan4")
(8,"dao4")
(8,"gong1")
(8,"guan1")
(8,"he2")
(8,"mei3")
(8,"mo4")
(8,"qian2")
(8,"xiao3")
(8,"ye3")
(8,"yin1")
(8,"zhang1")
(8,"zheng4")
(9,"bei4")
(9,"chu1")
(9,"ge5")
(9,"hui4")
(9,"mu4")
(9,"shen1")
(9,"sheng3")
(9,"xu1")
(9,"yang4")
(9,"ying1")
(10,"bao4")
(10,"bi3")
(10,"di4")
(10,"hu4")
(10,"jia1")
(10,"si4")
(10,"xing4")
(11,"fan3")
(11,"gu3")
(11,"jin4")
(11,"shu1")
(11,"xian4")
(11,"yan2")
(11,"yuan2")
(12,"ju2")
(13,"wu3")
(13,"xiang4")
(13,"you3")
(14,"zhu3")
(15,"jie2")
(15,"li3")
(15,"xi4")
(16,"jian1")
(16,"jing1")
(16,"qi2")
(17,"yu3")
(18,"wei4")
(21,"fu4")
(26,"yi1")
(26,"zhi1")
(31,"shi4")
(32,"ji2")
